[2025-04-16 07:45:38] Checking email: moudgillkomal6@gmail.com
[2025-04-16 07:45:38] Email found in database: moudgillkomal6@gmail.com
[2025-04-16 07:45:38] PHPMailer Debug: Connection: opening to ssl://smtp.gmail.com:465, timeout=300, options=array()
[2025-04-16 07:45:53] PHPMailer Debug: Connection: opened
[2025-04-16 07:45:56] PHPMailer Debug: SERVER -> CLIENT: 220 smtp.gmail.com ESMTP d9443c01a7336-22c33ef105esm5477415ad.32 - gsmtp

[2025-04-16 07:45:56] PHPMailer Debug: CLIENT -> SERVER: EHLO localhost

[2025-04-16 07:46:08] PHPMailer Debug: SERVER -> CLIENT: 250-smtp.gmail.com at your service, [210.89.61.35]
250-SIZE 35882577
250-8BITMIME
250-AUTH LOGIN PLAIN XOAUTH2 PLAIN-CLIENTTOKEN OAUTHBEARER XOAUTH
250-ENHANCEDSTATUSCODES
250-PIPELINING
250-CHUNKING
250 SMTPUTF8

[2025-04-16 07:46:08] PHPMailer Debug: CLIENT -> SERVER: AUTH LOGIN

[2025-04-16 07:46:09] PHPMailer Debug: SERVER -> CLIENT: 334 VXNlcm5hbWU6

[2025-04-16 07:46:09] PHPMailer Debug: CLIENT -> SERVER: [credentials hidden]
[2025-04-16 07:46:10] PHPMailer Debug: SERVER -> CLIENT: 334 UGFzc3dvcmQ6

[2025-04-16 07:46:10] PHPMailer Debug: CLIENT -> SERVER: [credentials hidden]
[2025-04-16 07:46:11] PHPMailer Debug: SERVER -> CLIENT: 235 2.7.0 Accepted

[2025-04-16 07:46:11] PHPMailer Debug: CLIENT -> SERVER: MAIL FROM:<moudgillkomal6@gmail.com>

[2025-04-16 07:46:12] PHPMailer Debug: SERVER -> CLIENT: 250 2.1.0 OK d9443c01a7336-22c33ef105esm5477415ad.32 - gsmtp

[2025-04-16 07:46:12] PHPMailer Debug: CLIENT -> SERVER: RCPT TO:<moudgillkomal6@gmail.com>

[2025-04-16 07:46:13] PHPMailer Debug: SERVER -> CLIENT: 250 2.1.5 OK d9443c01a7336-22c33ef105esm5477415ad.32 - gsmtp

[2025-04-16 07:46:13] PHPMailer Debug: CLIENT -> SERVER: DATA

[2025-04-16 07:46:15] PHPMailer Debug: SERVER -> CLIENT: 354 Go ahead d9443c01a7336-22c33ef105esm5477415ad.32 - gsmtp

[2025-04-16 07:46:15] PHPMailer Debug: CLIENT -> SERVER: Date: Wed, 16 Apr 2025 07:45:38 +0200

[2025-04-16 07:46:15] PHPMailer Debug: CLIENT -> SERVER: To: moudgillkomal6@gmail.com

[2025-04-16 07:46:15] PHPMailer Debug: CLIENT -> SERVER: From: Water Quality Analysis <moudgillkomal6@gmail.com>

[2025-04-16 07:46:15] PHPMailer Debug: CLIENT -> SERVER: Subject: Password Reset Request

[2025-04-16 07:46:15] PHPMailer Debug: CLIENT -> SERVER: Message-ID: <qSlVWo4GDn6mF4X8lgcXPsnQ9FuLqQHBy1a1uYfzRk@localhost>

[2025-04-16 07:46:15] PHPMailer Debug: CLIENT -> SERVER: X-Mailer: PHPMailer 6.9.3 (https://github.com/PHPMailer/PHPMailer)

[2025-04-16 07:46:15] PHPMailer Debug: CLIENT -> SERVER: MIME-Version: 1.0

[2025-04-16 07:46:15] PHPMailer Debug: CLIENT -> SERVER: Content-Type: multipart/alternative;

[2025-04-16 07:46:15] PHPMailer Debug: CLIENT -> SERVER:  boundary="b1=_qSlVWo4GDn6mF4X8lgcXPsnQ9FuLqQHBy1a1uYfzRk"

[2025-04-16 07:46:15] PHPMailer Debug: CLIENT -> SERVER: Content-Transfer-Encoding: 8bit

[2025-04-16 07:46:15] PHPMailer Debug: CLIENT -> SERVER: 

[2025-04-16 07:46:15] PHPMailer Debug: CLIENT -> SERVER: --b1=_qSlVWo4GDn6mF4X8lgcXPsnQ9FuLqQHBy1a1uYfzRk

[2025-04-16 07:46:15] PHPMailer Debug: CLIENT -> SERVER: Content-Type: text/plain; charset=us-ascii

[2025-04-16 07:46:15] PHPMailer Debug: CLIENT -> SERVER: 

[2025-04-16 07:46:15] PHPMailer Debug: CLIENT -> SERVER: Reset your password using this link: http://localhost/php/Komal/update-password.html?token=7d153ebe48a8aea6cefa875eff1fe8d7833bf74f34d6e8eae0fb8fb21cf97737

[2025-04-16 07:46:15] PHPMailer Debug: CLIENT -> SERVER: 

[2025-04-16 07:46:15] PHPMailer Debug: CLIENT -> SERVER: --b1=_qSlVWo4GDn6mF4X8lgcXPsnQ9FuLqQHBy1a1uYfzRk

[2025-04-16 07:46:15] PHPMailer Debug: CLIENT -> SERVER: Content-Type: text/html; charset=us-ascii

[2025-04-16 07:46:15] PHPMailer Debug: CLIENT -> SERVER: 

[2025-04-16 07:46:15] PHPMailer Debug: CLIENT -> SERVER: 

[2025-04-16 07:46:15] PHPMailer Debug: CLIENT -> SERVER:                 <div style='font-family: Arial, sans-serif; max-width: 600px; margin: 0 auto;'>

[2025-04-16 07:46:15] PHPMailer Debug: CLIENT -> SERVER:                     <h2>Password Reset Request</h2>

[2025-04-16 07:46:15] PHPMailer Debug: CLIENT -> SERVER:                     <p>Click the button below to reset your password:</p>

[2025-04-16 07:46:15] PHPMailer Debug: CLIENT -> SERVER:                     <p style='margin: 25px 0;'>

[2025-04-16 07:46:15] PHPMailer Debug: CLIENT -> SERVER:                         <a href='http://localhost/php/Komal/update-password.html?token=7d153ebe48a8aea6cefa875eff1fe8d7833bf74f34d6e8eae0fb8fb21cf97737' 

[2025-04-16 07:46:15] PHPMailer Debug: CLIENT -> SERVER:                            style='background-color: #1e4976; 

[2025-04-16 07:46:15] PHPMailer Debug: CLIENT -> SERVER:                                   color: white; 

[2025-04-16 07:46:15] PHPMailer Debug: CLIENT -> SERVER:                                   padding: 12px 25px; 

[2025-04-16 07:46:15] PHPMailer Debug: CLIENT -> SERVER:                                   text-decoration: none; 

[2025-04-16 07:46:15] PHPMailer Debug: CLIENT -> SERVER:                                   border-radius: 5px; 

[2025-04-16 07:46:15] PHPMailer Debug: CLIENT -> SERVER:                                   display: inline-block;'>

[2025-04-16 07:46:15] PHPMailer Debug: CLIENT -> SERVER:                             Reset Password

[2025-04-16 07:46:15] PHPMailer Debug: CLIENT -> SERVER:                         </a>

[2025-04-16 07:46:15] PHPMailer Debug: CLIENT -> SERVER:                     </p>

[2025-04-16 07:46:15] PHPMailer Debug: CLIENT -> SERVER:                     <p>If the button doesn't work, copy and paste this link in your browser:</p>

[2025-04-16 07:46:15] PHPMailer Debug: CLIENT -> SERVER:                     <p>http://localhost/php/Komal/update-password.html?token=7d153ebe48a8aea6cefa875eff1fe8d7833bf74f34d6e8eae0fb8fb21cf97737</p>

[2025-04-16 07:46:15] PHPMailer Debug: CLIENT -> SERVER:                     <p>This link will expire in 1 hour.</p>

[2025-04-16 07:46:15] PHPMailer Debug: CLIENT -> SERVER:                 </div>

[2025-04-16 07:46:15] PHPMailer Debug: CLIENT -> SERVER:             

[2025-04-16 07:46:15] PHPMailer Debug: CLIENT -> SERVER: 

[2025-04-16 07:46:15] PHPMailer Debug: CLIENT -> SERVER: 

[2025-04-16 07:46:15] PHPMailer Debug: CLIENT -> SERVER: --b1=_qSlVWo4GDn6mF4X8lgcXPsnQ9FuLqQHBy1a1uYfzRk--

[2025-04-16 07:46:15] PHPMailer Debug: CLIENT -> SERVER: 

[2025-04-16 07:46:15] PHPMailer Debug: CLIENT -> SERVER: .

[2025-04-16 07:46:16] PHPMailer Debug: SERVER -> CLIENT: 
[2025-04-16 07:46:16] PHPMailer Debug: SMTP ERROR: DATA END command failed: 
[2025-04-16 07:46:16] PHPMailer Debug: SMTP Error: data not accepted.
[2025-04-16 07:46:16] Mail Error: SMTP Error: data not accepted.
[2025-04-16 07:47:17] Checking email: moudgillkomal6@gmail.com
[2025-04-16 07:47:17] Email found in database: moudgillkomal6@gmail.com
[2025-04-16 07:47:17] PHPMailer Debug: Connection: opening to ssl://smtp.gmail.com:465, timeout=300, options=array()
[2025-04-16 07:47:18] PHPMailer Debug: Connection: opened
[2025-04-16 07:47:19] PHPMailer Debug: SERVER -> CLIENT: 220 smtp.gmail.com ESMTP d2e1a72fcca58-73bd21df6b6sm9541708b3a.74 - gsmtp

[2025-04-16 07:47:19] PHPMailer Debug: CLIENT -> SERVER: EHLO localhost

[2025-04-16 07:47:19] PHPMailer Debug: SERVER -> CLIENT: 250-smtp.gmail.com at your service, [49.39.56.173]
250-SIZE 35882577
250-8BITMIME
250-AUTH LOGIN PLAIN XOAUTH2 PLAIN-CLIENTTOKEN OAUTHBEARER XOAUTH
250-ENHANCEDSTATUSCODES
250-PIPELINING
250-CHUNKING
250 SMTPUTF8

[2025-04-16 07:47:19] PHPMailer Debug: CLIENT -> SERVER: AUTH LOGIN

[2025-04-16 07:47:20] PHPMailer Debug: SERVER -> CLIENT: 334 VXNlcm5hbWU6

[2025-04-16 07:47:20] PHPMailer Debug: CLIENT -> SERVER: [credentials hidden]
[2025-04-16 07:47:20] PHPMailer Debug: SERVER -> CLIENT: 334 UGFzc3dvcmQ6

[2025-04-16 07:47:20] PHPMailer Debug: CLIENT -> SERVER: [credentials hidden]
[2025-04-16 07:47:20] PHPMailer Debug: SERVER -> CLIENT: 235 2.7.0 Accepted

[2025-04-16 07:47:20] PHPMailer Debug: CLIENT -> SERVER: MAIL FROM:<moudgillkomal6@gmail.com>

[2025-04-16 07:47:21] PHPMailer Debug: SERVER -> CLIENT: 250 2.1.0 OK d2e1a72fcca58-73bd21df6b6sm9541708b3a.74 - gsmtp

[2025-04-16 07:47:21] PHPMailer Debug: CLIENT -> SERVER: RCPT TO:<moudgillkomal6@gmail.com>

[2025-04-16 07:47:21] PHPMailer Debug: SERVER -> CLIENT: 250 2.1.5 OK d2e1a72fcca58-73bd21df6b6sm9541708b3a.74 - gsmtp

[2025-04-16 07:47:21] PHPMailer Debug: CLIENT -> SERVER: DATA

[2025-04-16 07:47:21] PHPMailer Debug: SERVER -> CLIENT: 354 Go ahead d2e1a72fcca58-73bd21df6b6sm9541708b3a.74 - gsmtp

[2025-04-16 07:47:21] PHPMailer Debug: CLIENT -> SERVER: Date: Wed, 16 Apr 2025 07:47:17 +0200

[2025-04-16 07:47:21] PHPMailer Debug: CLIENT -> SERVER: To: moudgillkomal6@gmail.com

[2025-04-16 07:47:21] PHPMailer Debug: CLIENT -> SERVER: From: Water Quality Analysis <moudgillkomal6@gmail.com>

[2025-04-16 07:47:21] PHPMailer Debug: CLIENT -> SERVER: Subject: Password Reset Request

[2025-04-16 07:47:21] PHPMailer Debug: CLIENT -> SERVER: Message-ID: <km6pDYtI34hA0WH0sZsj4hi6HRZoisruG7fUJLj7so@localhost>

[2025-04-16 07:47:21] PHPMailer Debug: CLIENT -> SERVER: X-Mailer: PHPMailer 6.9.3 (https://github.com/PHPMailer/PHPMailer)

[2025-04-16 07:47:21] PHPMailer Debug: CLIENT -> SERVER: MIME-Version: 1.0

[2025-04-16 07:47:21] PHPMailer Debug: CLIENT -> SERVER: Content-Type: multipart/alternative;

[2025-04-16 07:47:21] PHPMailer Debug: CLIENT -> SERVER:  boundary="b1=_km6pDYtI34hA0WH0sZsj4hi6HRZoisruG7fUJLj7so"

[2025-04-16 07:47:21] PHPMailer Debug: CLIENT -> SERVER: Content-Transfer-Encoding: 8bit

[2025-04-16 07:47:21] PHPMailer Debug: CLIENT -> SERVER: 

[2025-04-16 07:47:21] PHPMailer Debug: CLIENT -> SERVER: --b1=_km6pDYtI34hA0WH0sZsj4hi6HRZoisruG7fUJLj7so

[2025-04-16 07:47:21] PHPMailer Debug: CLIENT -> SERVER: Content-Type: text/plain; charset=us-ascii

[2025-04-16 07:47:21] PHPMailer Debug: CLIENT -> SERVER: 

[2025-04-16 07:47:21] PHPMailer Debug: CLIENT -> SERVER: Reset your password using this link: http://localhost/php/Komal/update-password.html?token=9fcddaaf4fc1f825c9a95d5af83fa4038f8a65abc60b23afd2bff64ff306a57e

[2025-04-16 07:47:21] PHPMailer Debug: CLIENT -> SERVER: 

[2025-04-16 07:47:21] PHPMailer Debug: CLIENT -> SERVER: --b1=_km6pDYtI34hA0WH0sZsj4hi6HRZoisruG7fUJLj7so

[2025-04-16 07:47:21] PHPMailer Debug: CLIENT -> SERVER: Content-Type: text/html; charset=us-ascii

[2025-04-16 07:47:21] PHPMailer Debug: CLIENT -> SERVER: 

[2025-04-16 07:47:21] PHPMailer Debug: CLIENT -> SERVER: 

[2025-04-16 07:47:21] PHPMailer Debug: CLIENT -> SERVER:                 <div style='font-family: Arial, sans-serif; max-width: 600px; margin: 0 auto;'>

[2025-04-16 07:47:21] PHPMailer Debug: CLIENT -> SERVER:                     <h2>Password Reset Request</h2>

[2025-04-16 07:47:21] PHPMailer Debug: CLIENT -> SERVER:                     <p>Click the button below to reset your password:</p>

[2025-04-16 07:47:21] PHPMailer Debug: CLIENT -> SERVER:                     <p style='margin: 25px 0;'>

[2025-04-16 07:47:21] PHPMailer Debug: CLIENT -> SERVER:                         <a href='http://localhost/php/Komal/update-password.html?token=9fcddaaf4fc1f825c9a95d5af83fa4038f8a65abc60b23afd2bff64ff306a57e' 

[2025-04-16 07:47:21] PHPMailer Debug: CLIENT -> SERVER:                            style='background-color: #1e4976; 

[2025-04-16 07:47:21] PHPMailer Debug: CLIENT -> SERVER:                                   color: white; 

[2025-04-16 07:47:21] PHPMailer Debug: CLIENT -> SERVER:                                   padding: 12px 25px; 

[2025-04-16 07:47:21] PHPMailer Debug: CLIENT -> SERVER:                                   text-decoration: none; 

[2025-04-16 07:47:21] PHPMailer Debug: CLIENT -> SERVER:                                   border-radius: 5px; 

[2025-04-16 07:47:21] PHPMailer Debug: CLIENT -> SERVER:                                   display: inline-block;'>

[2025-04-16 07:47:21] PHPMailer Debug: CLIENT -> SERVER:                             Reset Password

[2025-04-16 07:47:21] PHPMailer Debug: CLIENT -> SERVER:                         </a>

[2025-04-16 07:47:21] PHPMailer Debug: CLIENT -> SERVER:                     </p>

[2025-04-16 07:47:21] PHPMailer Debug: CLIENT -> SERVER:                     <p>If the button doesn't work, copy and paste this link in your browser:</p>

[2025-04-16 07:47:21] PHPMailer Debug: CLIENT -> SERVER:                     <p>http://localhost/php/Komal/update-password.html?token=9fcddaaf4fc1f825c9a95d5af83fa4038f8a65abc60b23afd2bff64ff306a57e</p>

[2025-04-16 07:47:21] PHPMailer Debug: CLIENT -> SERVER:                     <p>This link will expire in 1 hour.</p>

[2025-04-16 07:47:21] PHPMailer Debug: CLIENT -> SERVER:                 </div>

[2025-04-16 07:47:21] PHPMailer Debug: CLIENT -> SERVER:             

[2025-04-16 07:47:21] PHPMailer Debug: CLIENT -> SERVER: 

[2025-04-16 07:47:21] PHPMailer Debug: CLIENT -> SERVER: 

[2025-04-16 07:47:21] PHPMailer Debug: CLIENT -> SERVER: --b1=_km6pDYtI34hA0WH0sZsj4hi6HRZoisruG7fUJLj7so--

[2025-04-16 07:47:21] PHPMailer Debug: CLIENT -> SERVER: 

[2025-04-16 07:47:21] PHPMailer Debug: CLIENT -> SERVER: .

[2025-04-16 07:47:22] PHPMailer Debug: SERVER -> CLIENT: 250 2.0.0 OK  1744782443 d2e1a72fcca58-73bd21df6b6sm9541708b3a.74 - gsmtp

[2025-04-16 07:47:22] PHPMailer Debug: CLIENT -> SERVER: QUIT

[2025-04-16 07:47:23] PHPMailer Debug: SERVER -> CLIENT: 221 2.0.0 closing connection d2e1a72fcca58-73bd21df6b6sm9541708b3a.74 - gsmtp

[2025-04-16 07:47:23] PHPMailer Debug: Connection: closed
[2025-04-16 07:47:23] Email sent successfully to: moudgillkomal6@gmail.com
[2025-04-16 07:53:13] Checking email: moudgillkomal6@gmail.com
[2025-04-16 07:53:13] Email found in database: moudgillkomal6@gmail.com
[2025-04-16 07:53:27] Checking email: moudgillkomal6@gmail.com
[2025-04-16 07:53:27] Email found in database: moudgillkomal6@gmail.com
[2025-04-16 07:53:31] Checking email: moudgillkomal6@gmail.com
[2025-04-16 07:53:31] Email found in database: moudgillkomal6@gmail.com
[2025-04-16 07:54:02] Checking email: moudgillkomal6@gmail.com
[2025-04-16 07:54:02] Email found in database: moudgillkomal6@gmail.com
[2025-04-16 07:54:27] Checking email: moudgillkomal6@gmail.com
[2025-04-16 07:54:27] Email found in database: moudgillkomal6@gmail.com
[2025-04-16 07:54:27] PHPMailer Debug: Connection: opening to ssl://smtp.gmail.com:465, timeout=300, options=array()
[2025-04-16 07:54:29] PHPMailer Debug: Connection: opened
[2025-04-16 07:54:32] PHPMailer Debug: SERVER -> CLIENT: 220 smtp.gmail.com ESMTP d2e1a72fcca58-73bd230e4d4sm9567165b3a.153 - gsmtp

[2025-04-16 07:54:32] PHPMailer Debug: CLIENT -> SERVER: EHLO localhost

[2025-04-16 07:54:41] PHPMailer Debug: SERVER -> CLIENT: 250-smtp.gmail.com at your service, [210.89.61.35]
250-SIZE 35882577
250-8BITMIME
250-AUTH LOGIN PLAIN XOAUTH2 PLAIN-CLIENTTOKEN OAUTHBEARER XOAUTH
250-ENHANCEDSTATUSCODES
250-PIPELINING
250-CHUNKING
250 SMTPUTF8

[2025-04-16 07:54:41] PHPMailer Debug: CLIENT -> SERVER: AUTH LOGIN

[2025-04-16 07:54:44] PHPMailer Debug: SERVER -> CLIENT: 334 VXNlcm5hbWU6

[2025-04-16 07:54:44] PHPMailer Debug: CLIENT -> SERVER: [credentials hidden]
[2025-04-16 07:54:45] PHPMailer Debug: SERVER -> CLIENT: 334 UGFzc3dvcmQ6

[2025-04-16 07:54:45] PHPMailer Debug: CLIENT -> SERVER: [credentials hidden]
[2025-04-16 07:54:46] PHPMailer Debug: SERVER -> CLIENT: 235 2.7.0 Accepted

[2025-04-16 07:54:46] PHPMailer Debug: CLIENT -> SERVER: MAIL FROM:<moudgillkomal6@gmail.com>

[2025-04-16 07:54:49] PHPMailer Debug: SERVER -> CLIENT: 250 2.1.0 OK d2e1a72fcca58-73bd230e4d4sm9567165b3a.153 - gsmtp

[2025-04-16 07:54:49] PHPMailer Debug: CLIENT -> SERVER: RCPT TO:<moudgillkomal6@gmail.com>

[2025-04-16 07:54:49] PHPMailer Debug: SERVER -> CLIENT: 250 2.1.5 OK d2e1a72fcca58-73bd230e4d4sm9567165b3a.153 - gsmtp

[2025-04-16 07:54:49] PHPMailer Debug: CLIENT -> SERVER: DATA

[2025-04-16 07:54:50] PHPMailer Debug: SERVER -> CLIENT: 354 Go ahead d2e1a72fcca58-73bd230e4d4sm9567165b3a.153 - gsmtp

[2025-04-16 07:54:50] PHPMailer Debug: CLIENT -> SERVER: Date: Wed, 16 Apr 2025 07:54:27 +0200

[2025-04-16 07:54:50] PHPMailer Debug: CLIENT -> SERVER: To: moudgillkomal6@gmail.com

[2025-04-16 07:54:50] PHPMailer Debug: CLIENT -> SERVER: From: Water Quality Analysis <moudgillkomal6@gmail.com>

[2025-04-16 07:54:50] PHPMailer Debug: CLIENT -> SERVER: Subject: Password Reset Request

[2025-04-16 07:54:50] PHPMailer Debug: CLIENT -> SERVER: Message-ID: <Smt5UalxmpTqrO5j5t0WcZkmQVfR4shSsE4U7NKA@localhost>

[2025-04-16 07:54:50] PHPMailer Debug: CLIENT -> SERVER: X-Mailer: PHPMailer 6.9.3 (https://github.com/PHPMailer/PHPMailer)

[2025-04-16 07:54:50] PHPMailer Debug: CLIENT -> SERVER: MIME-Version: 1.0

[2025-04-16 07:54:50] PHPMailer Debug: CLIENT -> SERVER: Content-Type: multipart/alternative;

[2025-04-16 07:54:50] PHPMailer Debug: CLIENT -> SERVER:  boundary="b1=_Smt5UalxmpTqrO5j5t0WcZkmQVfR4shSsE4U7NKA"

[2025-04-16 07:54:50] PHPMailer Debug: CLIENT -> SERVER: Content-Transfer-Encoding: 8bit

[2025-04-16 07:54:50] PHPMailer Debug: CLIENT -> SERVER: 

[2025-04-16 07:54:50] PHPMailer Debug: CLIENT -> SERVER: --b1=_Smt5UalxmpTqrO5j5t0WcZkmQVfR4shSsE4U7NKA

[2025-04-16 07:54:50] PHPMailer Debug: CLIENT -> SERVER: Content-Type: text/plain; charset=us-ascii

[2025-04-16 07:54:50] PHPMailer Debug: CLIENT -> SERVER: 

[2025-04-16 07:54:50] PHPMailer Debug: CLIENT -> SERVER: Reset your password using this link: http://localhost/php/Komal/update-password.html?token=b06eca7c00a36b029256a43ede92dd5203ee93f1786b791388c19dfd19c8935b

[2025-04-16 07:54:50] PHPMailer Debug: CLIENT -> SERVER: 

[2025-04-16 07:54:50] PHPMailer Debug: CLIENT -> SERVER: --b1=_Smt5UalxmpTqrO5j5t0WcZkmQVfR4shSsE4U7NKA

[2025-04-16 07:54:50] PHPMailer Debug: CLIENT -> SERVER: Content-Type: text/html; charset=us-ascii

[2025-04-16 07:54:50] PHPMailer Debug: CLIENT -> SERVER: 

[2025-04-16 07:54:50] PHPMailer Debug: CLIENT -> SERVER: 

[2025-04-16 07:54:50] PHPMailer Debug: CLIENT -> SERVER:                 <div style='font-family: Arial, sans-serif; max-width: 600px; margin: 0 auto;'>

[2025-04-16 07:54:50] PHPMailer Debug: CLIENT -> SERVER:                     <h2>Password Reset Request</h2>

[2025-04-16 07:54:50] PHPMailer Debug: CLIENT -> SERVER:                     <p>Click the button below to reset your password:</p>

[2025-04-16 07:54:50] PHPMailer Debug: CLIENT -> SERVER:                     <p style='margin: 25px 0;'>

[2025-04-16 07:54:50] PHPMailer Debug: CLIENT -> SERVER:                         <a href='http://localhost/php/Komal/update-password.html?token=b06eca7c00a36b029256a43ede92dd5203ee93f1786b791388c19dfd19c8935b' 

[2025-04-16 07:54:50] PHPMailer Debug: CLIENT -> SERVER:                            style='background-color: #1e4976; 

[2025-04-16 07:54:50] PHPMailer Debug: CLIENT -> SERVER:                                   color: white; 

[2025-04-16 07:54:50] PHPMailer Debug: CLIENT -> SERVER:                                   padding: 12px 25px; 

[2025-04-16 07:54:50] PHPMailer Debug: CLIENT -> SERVER:                                   text-decoration: none; 

[2025-04-16 07:54:50] PHPMailer Debug: CLIENT -> SERVER:                                   border-radius: 5px; 

[2025-04-16 07:54:50] PHPMailer Debug: CLIENT -> SERVER:                                   display: inline-block;'>

[2025-04-16 07:54:50] PHPMailer Debug: CLIENT -> SERVER:                             Reset Password

[2025-04-16 07:54:50] PHPMailer Debug: CLIENT -> SERVER:                         </a>

[2025-04-16 07:54:50] PHPMailer Debug: CLIENT -> SERVER:                     </p>

[2025-04-16 07:54:50] PHPMailer Debug: CLIENT -> SERVER:                     <p>If the button doesn't work, copy and paste this link in your browser:</p>

[2025-04-16 07:54:50] PHPMailer Debug: CLIENT -> SERVER:                     <p>http://localhost/php/Komal/update-password.html?token=b06eca7c00a36b029256a43ede92dd5203ee93f1786b791388c19dfd19c8935b</p>

[2025-04-16 07:54:50] PHPMailer Debug: CLIENT -> SERVER:                     <p>This link will expire in 1 hour.</p>

[2025-04-16 07:54:50] PHPMailer Debug: CLIENT -> SERVER:                 </div>

[2025-04-16 07:54:50] PHPMailer Debug: CLIENT -> SERVER:             

[2025-04-16 07:54:50] PHPMailer Debug: CLIENT -> SERVER: 

[2025-04-16 07:54:50] PHPMailer Debug: CLIENT -> SERVER: 

[2025-04-16 07:54:50] PHPMailer Debug: CLIENT -> SERVER: --b1=_Smt5UalxmpTqrO5j5t0WcZkmQVfR4shSsE4U7NKA--

[2025-04-16 07:54:50] PHPMailer Debug: CLIENT -> SERVER: 

[2025-04-16 07:54:50] PHPMailer Debug: CLIENT -> SERVER: .

[2025-04-16 07:54:53] PHPMailer Debug: SERVER -> CLIENT: 250 2.0.0 OK  1744782893 d2e1a72fcca58-73bd230e4d4sm9567165b3a.153 - gsmtp

[2025-04-16 07:54:53] PHPMailer Debug: CLIENT -> SERVER: QUIT

[2025-04-16 07:54:54] PHPMailer Debug: SERVER -> CLIENT: 221 2.0.0 closing connection d2e1a72fcca58-73bd230e4d4sm9567165b3a.153 - gsmtp

[2025-04-16 07:54:54] PHPMailer Debug: Connection: closed
[2025-04-16 07:54:54] Email sent successfully to: moudgillkomal6@gmail.com
[2025-04-19 22:39:07] Checking email: moudgillkomal6@gmail.com
[2025-04-19 22:39:07] Email found in database: moudgillkomal6@gmail.com
[2025-04-19 22:39:07] PHPMailer Debug: Connection: opening to ssl://smtp.gmail.com:465, timeout=300, options=array()
[2025-04-19 22:39:07] PHPMailer Debug: Connection: opened
[2025-04-19 22:39:08] PHPMailer Debug: SERVER -> CLIENT: 220 smtp.gmail.com ESMTP d9443c01a7336-22c50bf3391sm37851605ad.60 - gsmtp

[2025-04-19 22:39:08] PHPMailer Debug: CLIENT -> SERVER: EHLO localhost

[2025-04-19 22:39:08] PHPMailer Debug: SERVER -> CLIENT: 250-smtp.gmail.com at your service, [125.16.189.245]
250-SIZE 35882577
250-8BITMIME
250-AUTH LOGIN PLAIN XOAUTH2 PLAIN-CLIENTTOKEN OAUTHBEARER XOAUTH
250-ENHANCEDSTATUSCODES
250-PIPELINING
250-CHUNKING
250 SMTPUTF8

[2025-04-19 22:39:08] PHPMailer Debug: CLIENT -> SERVER: AUTH LOGIN

[2025-04-19 22:39:08] PHPMailer Debug: SERVER -> CLIENT: 334 VXNlcm5hbWU6

[2025-04-19 22:39:08] PHPMailer Debug: CLIENT -> SERVER: [credentials hidden]
[2025-04-19 22:39:08] PHPMailer Debug: SERVER -> CLIENT: 334 UGFzc3dvcmQ6

[2025-04-19 22:39:08] PHPMailer Debug: CLIENT -> SERVER: [credentials hidden]
[2025-04-19 22:39:09] PHPMailer Debug: SERVER -> CLIENT: 235 2.7.0 Accepted

[2025-04-19 22:39:09] PHPMailer Debug: CLIENT -> SERVER: MAIL FROM:<moudgillkomal6@gmail.com>

[2025-04-19 22:39:09] PHPMailer Debug: SERVER -> CLIENT: 250 2.1.0 OK d9443c01a7336-22c50bf3391sm37851605ad.60 - gsmtp

[2025-04-19 22:39:09] PHPMailer Debug: CLIENT -> SERVER: RCPT TO:<moudgillkomal6@gmail.com>

[2025-04-19 22:39:09] PHPMailer Debug: SERVER -> CLIENT: 250 2.1.5 OK d9443c01a7336-22c50bf3391sm37851605ad.60 - gsmtp

[2025-04-19 22:39:09] PHPMailer Debug: CLIENT -> SERVER: DATA

[2025-04-19 22:39:10] PHPMailer Debug: SERVER -> CLIENT: 354 Go ahead d9443c01a7336-22c50bf3391sm37851605ad.60 - gsmtp

[2025-04-19 22:39:10] PHPMailer Debug: CLIENT -> SERVER: Date: Sat, 19 Apr 2025 22:39:07 +0200

[2025-04-19 22:39:10] PHPMailer Debug: CLIENT -> SERVER: To: moudgillkomal6@gmail.com

[2025-04-19 22:39:10] PHPMailer Debug: CLIENT -> SERVER: From: Water Quality Analysis <moudgillkomal6@gmail.com>

[2025-04-19 22:39:10] PHPMailer Debug: CLIENT -> SERVER: Subject: Password Reset Request

[2025-04-19 22:39:10] PHPMailer Debug: CLIENT -> SERVER: Message-ID: <YJVMKyHVsrsOYMHo8pAPYLtZVGh1RbNiEfjVZiewp0@localhost>

[2025-04-19 22:39:10] PHPMailer Debug: CLIENT -> SERVER: X-Mailer: PHPMailer 6.9.3 (https://github.com/PHPMailer/PHPMailer)

[2025-04-19 22:39:10] PHPMailer Debug: CLIENT -> SERVER: MIME-Version: 1.0

[2025-04-19 22:39:10] PHPMailer Debug: CLIENT -> SERVER: Content-Type: multipart/alternative;

[2025-04-19 22:39:10] PHPMailer Debug: CLIENT -> SERVER:  boundary="b1=_YJVMKyHVsrsOYMHo8pAPYLtZVGh1RbNiEfjVZiewp0"

[2025-04-19 22:39:10] PHPMailer Debug: CLIENT -> SERVER: Content-Transfer-Encoding: 8bit

[2025-04-19 22:39:10] PHPMailer Debug: CLIENT -> SERVER: 

[2025-04-19 22:39:10] PHPMailer Debug: CLIENT -> SERVER: --b1=_YJVMKyHVsrsOYMHo8pAPYLtZVGh1RbNiEfjVZiewp0

[2025-04-19 22:39:10] PHPMailer Debug: CLIENT -> SERVER: Content-Type: text/plain; charset=us-ascii

[2025-04-19 22:39:10] PHPMailer Debug: CLIENT -> SERVER: 

[2025-04-19 22:39:10] PHPMailer Debug: CLIENT -> SERVER: Reset your password using this link: http://localhost/php/Komal/update-password.html?token=66b179e1d6abb7d7c91fb264a3045b3cb5b9da5a36957ebc8f41aadd60323689

[2025-04-19 22:39:10] PHPMailer Debug: CLIENT -> SERVER: 

[2025-04-19 22:39:10] PHPMailer Debug: CLIENT -> SERVER: --b1=_YJVMKyHVsrsOYMHo8pAPYLtZVGh1RbNiEfjVZiewp0

[2025-04-19 22:39:10] PHPMailer Debug: CLIENT -> SERVER: Content-Type: text/html; charset=us-ascii

[2025-04-19 22:39:10] PHPMailer Debug: CLIENT -> SERVER: 

[2025-04-19 22:39:10] PHPMailer Debug: CLIENT -> SERVER: 

[2025-04-19 22:39:10] PHPMailer Debug: CLIENT -> SERVER:                 <div style='font-family: Arial, sans-serif; max-width: 600px; margin: 0 auto;'>

[2025-04-19 22:39:10] PHPMailer Debug: CLIENT -> SERVER:                     <h2>Password Reset Request</h2>

[2025-04-19 22:39:10] PHPMailer Debug: CLIENT -> SERVER:                     <p>Click the button below to reset your password:</p>

[2025-04-19 22:39:10] PHPMailer Debug: CLIENT -> SERVER:                     <p style='margin: 25px 0;'>

[2025-04-19 22:39:10] PHPMailer Debug: CLIENT -> SERVER:                         <a href='http://localhost/php/Komal/update-password.html?token=66b179e1d6abb7d7c91fb264a3045b3cb5b9da5a36957ebc8f41aadd60323689' 

[2025-04-19 22:39:10] PHPMailer Debug: CLIENT -> SERVER:                            style='background-color: #1e4976; 

[2025-04-19 22:39:10] PHPMailer Debug: CLIENT -> SERVER:                                   color: white; 

[2025-04-19 22:39:10] PHPMailer Debug: CLIENT -> SERVER:                                   padding: 12px 25px; 

[2025-04-19 22:39:10] PHPMailer Debug: CLIENT -> SERVER:                                   text-decoration: none; 

[2025-04-19 22:39:10] PHPMailer Debug: CLIENT -> SERVER:                                   border-radius: 5px; 

[2025-04-19 22:39:10] PHPMailer Debug: CLIENT -> SERVER:                                   display: inline-block;'>

[2025-04-19 22:39:10] PHPMailer Debug: CLIENT -> SERVER:                             Reset Password

[2025-04-19 22:39:10] PHPMailer Debug: CLIENT -> SERVER:                         </a>

[2025-04-19 22:39:10] PHPMailer Debug: CLIENT -> SERVER:                     </p>

[2025-04-19 22:39:10] PHPMailer Debug: CLIENT -> SERVER:                     <p>If the button doesn't work, copy and paste this link in your browser:</p>

[2025-04-19 22:39:10] PHPMailer Debug: CLIENT -> SERVER:                     <p>http://localhost/php/Komal/update-password.html?token=66b179e1d6abb7d7c91fb264a3045b3cb5b9da5a36957ebc8f41aadd60323689</p>

[2025-04-19 22:39:10] PHPMailer Debug: CLIENT -> SERVER:                     <p>This link will expire in 1 hour.</p>

[2025-04-19 22:39:10] PHPMailer Debug: CLIENT -> SERVER:                 </div>

[2025-04-19 22:39:10] PHPMailer Debug: CLIENT -> SERVER:             

[2025-04-19 22:39:10] PHPMailer Debug: CLIENT -> SERVER: 

[2025-04-19 22:39:10] PHPMailer Debug: CLIENT -> SERVER: 

[2025-04-19 22:39:10] PHPMailer Debug: CLIENT -> SERVER: --b1=_YJVMKyHVsrsOYMHo8pAPYLtZVGh1RbNiEfjVZiewp0--

[2025-04-19 22:39:10] PHPMailer Debug: CLIENT -> SERVER: 

[2025-04-19 22:39:10] PHPMailer Debug: CLIENT -> SERVER: .

[2025-04-19 22:39:11] PHPMailer Debug: SERVER -> CLIENT: 250 2.0.0 OK  1745095151 d9443c01a7336-22c50bf3391sm37851605ad.60 - gsmtp

[2025-04-19 22:39:11] PHPMailer Debug: CLIENT -> SERVER: QUIT

[2025-04-19 22:39:11] PHPMailer Debug: SERVER -> CLIENT: 221 2.0.0 closing connection d9443c01a7336-22c50bf3391sm37851605ad.60 - gsmtp

[2025-04-19 22:39:11] PHPMailer Debug: Connection: closed
[2025-04-19 22:39:11] Email sent successfully to: moudgillkomal6@gmail.com
[2025-04-20 09:09:20] Checking email: moudgillkomal6@gmail.com
[2025-04-20 09:09:20] Email found in database: moudgillkomal6@gmail.com
[2025-04-20 09:09:20] PHPMailer Debug: Connection: opening to ssl://smtp.gmail.com:465, timeout=300, options=array()
[2025-04-20 09:09:21] PHPMailer Debug: Connection: opened
[2025-04-20 09:09:22] PHPMailer Debug: SERVER -> CLIENT: 220 smtp.gmail.com ESMTP d2e1a72fcca58-73dbf8bed02sm4259170b3a.29 - gsmtp

[2025-04-20 09:09:22] PHPMailer Debug: CLIENT -> SERVER: EHLO localhost

[2025-04-20 09:09:22] PHPMailer Debug: SERVER -> CLIENT: 250-smtp.gmail.com at your service, [125.16.189.245]
250-SIZE 35882577
250-8BITMIME
250-AUTH LOGIN PLAIN XOAUTH2 PLAIN-CLIENTTOKEN OAUTHBEARER XOAUTH
250-ENHANCEDSTATUSCODES
250-PIPELINING
250-CHUNKING
250 SMTPUTF8

[2025-04-20 09:09:22] PHPMailer Debug: CLIENT -> SERVER: AUTH LOGIN

[2025-04-20 09:09:22] PHPMailer Debug: SERVER -> CLIENT: 334 VXNlcm5hbWU6

[2025-04-20 09:09:22] PHPMailer Debug: CLIENT -> SERVER: [credentials hidden]
[2025-04-20 09:09:23] PHPMailer Debug: SERVER -> CLIENT: 334 UGFzc3dvcmQ6

[2025-04-20 09:09:23] PHPMailer Debug: CLIENT -> SERVER: [credentials hidden]
[2025-04-20 09:09:23] PHPMailer Debug: SERVER -> CLIENT: 235 2.7.0 Accepted

[2025-04-20 09:09:23] PHPMailer Debug: CLIENT -> SERVER: MAIL FROM:<moudgillkomal6@gmail.com>

[2025-04-20 09:09:24] PHPMailer Debug: SERVER -> CLIENT: 250 2.1.0 OK d2e1a72fcca58-73dbf8bed02sm4259170b3a.29 - gsmtp

[2025-04-20 09:09:24] PHPMailer Debug: CLIENT -> SERVER: RCPT TO:<moudgillkomal6@gmail.com>

[2025-04-20 09:09:24] PHPMailer Debug: SERVER -> CLIENT: 250 2.1.5 OK d2e1a72fcca58-73dbf8bed02sm4259170b3a.29 - gsmtp

[2025-04-20 09:09:24] PHPMailer Debug: CLIENT -> SERVER: DATA

[2025-04-20 09:09:24] PHPMailer Debug: SERVER -> CLIENT: 354 Go ahead d2e1a72fcca58-73dbf8bed02sm4259170b3a.29 - gsmtp

[2025-04-20 09:09:24] PHPMailer Debug: CLIENT -> SERVER: Date: Sun, 20 Apr 2025 09:09:20 +0200

[2025-04-20 09:09:24] PHPMailer Debug: CLIENT -> SERVER: To: moudgillkomal6@gmail.com

[2025-04-20 09:09:24] PHPMailer Debug: CLIENT -> SERVER: From: Water Quality Analysis <moudgillkomal6@gmail.com>

[2025-04-20 09:09:24] PHPMailer Debug: CLIENT -> SERVER: Subject: Password Reset Request

[2025-04-20 09:09:24] PHPMailer Debug: CLIENT -> SERVER: Message-ID: <5GpjmTBoP2oCkpudNPAOKEezDuINiYFmFXR582CG0@localhost>

[2025-04-20 09:09:24] PHPMailer Debug: CLIENT -> SERVER: X-Mailer: PHPMailer 6.9.3 (https://github.com/PHPMailer/PHPMailer)

[2025-04-20 09:09:24] PHPMailer Debug: CLIENT -> SERVER: MIME-Version: 1.0

[2025-04-20 09:09:24] PHPMailer Debug: CLIENT -> SERVER: Content-Type: multipart/alternative;

[2025-04-20 09:09:24] PHPMailer Debug: CLIENT -> SERVER:  boundary="b1=_5GpjmTBoP2oCkpudNPAOKEezDuINiYFmFXR582CG0"

[2025-04-20 09:09:24] PHPMailer Debug: CLIENT -> SERVER: Content-Transfer-Encoding: 8bit

[2025-04-20 09:09:24] PHPMailer Debug: CLIENT -> SERVER: 

[2025-04-20 09:09:24] PHPMailer Debug: CLIENT -> SERVER: --b1=_5GpjmTBoP2oCkpudNPAOKEezDuINiYFmFXR582CG0

[2025-04-20 09:09:24] PHPMailer Debug: CLIENT -> SERVER: Content-Type: text/plain; charset=us-ascii

[2025-04-20 09:09:24] PHPMailer Debug: CLIENT -> SERVER: 

[2025-04-20 09:09:24] PHPMailer Debug: CLIENT -> SERVER: Reset your password using this link: http://localhost/php/Komal/update-password.html?token=4de9764a0a5f496bbef16e15a34628d36aff2a943ea18dc793c57f010fc8a3d1

[2025-04-20 09:09:24] PHPMailer Debug: CLIENT -> SERVER: 

[2025-04-20 09:09:24] PHPMailer Debug: CLIENT -> SERVER: --b1=_5GpjmTBoP2oCkpudNPAOKEezDuINiYFmFXR582CG0

[2025-04-20 09:09:24] PHPMailer Debug: CLIENT -> SERVER: Content-Type: text/html; charset=us-ascii

[2025-04-20 09:09:24] PHPMailer Debug: CLIENT -> SERVER: 

[2025-04-20 09:09:24] PHPMailer Debug: CLIENT -> SERVER: 

[2025-04-20 09:09:24] PHPMailer Debug: CLIENT -> SERVER:                 <div style='font-family: Arial, sans-serif; max-width: 600px; margin: 0 auto;'>

[2025-04-20 09:09:24] PHPMailer Debug: CLIENT -> SERVER:                     <h2>Password Reset Request</h2>

[2025-04-20 09:09:24] PHPMailer Debug: CLIENT -> SERVER:                     <p>Click the button below to reset your password:</p>

[2025-04-20 09:09:24] PHPMailer Debug: CLIENT -> SERVER:                     <p style='margin: 25px 0;'>

[2025-04-20 09:09:24] PHPMailer Debug: CLIENT -> SERVER:                         <a href='http://localhost/php/Komal/update-password.html?token=4de9764a0a5f496bbef16e15a34628d36aff2a943ea18dc793c57f010fc8a3d1' 

[2025-04-20 09:09:24] PHPMailer Debug: CLIENT -> SERVER:                            style='background-color: #1e4976; 

[2025-04-20 09:09:24] PHPMailer Debug: CLIENT -> SERVER:                                   color: white; 

[2025-04-20 09:09:24] PHPMailer Debug: CLIENT -> SERVER:                                   padding: 12px 25px; 

[2025-04-20 09:09:24] PHPMailer Debug: CLIENT -> SERVER:                                   text-decoration: none; 

[2025-04-20 09:09:24] PHPMailer Debug: CLIENT -> SERVER:                                   border-radius: 5px; 

[2025-04-20 09:09:24] PHPMailer Debug: CLIENT -> SERVER:                                   display: inline-block;'>

[2025-04-20 09:09:24] PHPMailer Debug: CLIENT -> SERVER:                             Reset Password

[2025-04-20 09:09:24] PHPMailer Debug: CLIENT -> SERVER:                         </a>

[2025-04-20 09:09:24] PHPMailer Debug: CLIENT -> SERVER:                     </p>

[2025-04-20 09:09:24] PHPMailer Debug: CLIENT -> SERVER:                     <p>If the button doesn't work, copy and paste this link in your browser:</p>

[2025-04-20 09:09:24] PHPMailer Debug: CLIENT -> SERVER:                     <p>http://localhost/php/Komal/update-password.html?token=4de9764a0a5f496bbef16e15a34628d36aff2a943ea18dc793c57f010fc8a3d1</p>

[2025-04-20 09:09:24] PHPMailer Debug: CLIENT -> SERVER:                     <p>This link will expire in 1 hour.</p>

[2025-04-20 09:09:24] PHPMailer Debug: CLIENT -> SERVER:                 </div>

[2025-04-20 09:09:24] PHPMailer Debug: CLIENT -> SERVER:             

[2025-04-20 09:09:24] PHPMailer Debug: CLIENT -> SERVER: 

[2025-04-20 09:09:24] PHPMailer Debug: CLIENT -> SERVER: 

[2025-04-20 09:09:24] PHPMailer Debug: CLIENT -> SERVER: --b1=_5GpjmTBoP2oCkpudNPAOKEezDuINiYFmFXR582CG0--

[2025-04-20 09:09:24] PHPMailer Debug: CLIENT -> SERVER: 

[2025-04-20 09:09:24] PHPMailer Debug: CLIENT -> SERVER: .

[2025-04-20 09:09:25] PHPMailer Debug: SERVER -> CLIENT: 250 2.0.0 OK  1745132966 d2e1a72fcca58-73dbf8bed02sm4259170b3a.29 - gsmtp

[2025-04-20 09:09:26] PHPMailer Debug: CLIENT -> SERVER: QUIT

[2025-04-20 09:09:26] PHPMailer Debug: SERVER -> CLIENT: 221 2.0.0 closing connection d2e1a72fcca58-73dbf8bed02sm4259170b3a.29 - gsmtp

[2025-04-20 09:09:26] PHPMailer Debug: Connection: closed
[2025-04-20 09:09:26] Email sent successfully to: moudgillkomal6@gmail.com
[2025-04-20 11:51:48] Checking email: moudgillkomal6@gmail.com
[2025-04-20 11:51:48] Email found in database: moudgillkomal6@gmail.com
[2025-04-20 11:51:48] PHPMailer Debug: Connection: opening to ssl://smtp.gmail.com:465, timeout=300, options=array()
[2025-04-20 11:51:49] PHPMailer Debug: Connection: opened
[2025-04-20 11:51:49] PHPMailer Debug: SERVER -> CLIENT: 220 smtp.gmail.com ESMTP d9443c01a7336-22c50eb4c82sm45462765ad.134 - gsmtp

[2025-04-20 11:51:49] PHPMailer Debug: CLIENT -> SERVER: EHLO localhost

[2025-04-20 11:51:49] PHPMailer Debug: SERVER -> CLIENT: 250-smtp.gmail.com at your service, [125.16.189.245]
250-SIZE 35882577
250-8BITMIME
250-AUTH LOGIN PLAIN XOAUTH2 PLAIN-CLIENTTOKEN OAUTHBEARER XOAUTH
250-ENHANCEDSTATUSCODES
250-PIPELINING
250-CHUNKING
250 SMTPUTF8

[2025-04-20 11:51:49] PHPMailer Debug: CLIENT -> SERVER: AUTH LOGIN

[2025-04-20 11:51:49] PHPMailer Debug: SERVER -> CLIENT: 334 VXNlcm5hbWU6

[2025-04-20 11:51:49] PHPMailer Debug: CLIENT -> SERVER: [credentials hidden]
[2025-04-20 11:51:49] PHPMailer Debug: SERVER -> CLIENT: 334 UGFzc3dvcmQ6

[2025-04-20 11:51:49] PHPMailer Debug: CLIENT -> SERVER: [credentials hidden]
[2025-04-20 11:51:50] PHPMailer Debug: SERVER -> CLIENT: 235 2.7.0 Accepted

[2025-04-20 11:51:50] PHPMailer Debug: CLIENT -> SERVER: MAIL FROM:<moudgillkomal6@gmail.com>

[2025-04-20 11:51:50] PHPMailer Debug: SERVER -> CLIENT: 250 2.1.0 OK d9443c01a7336-22c50eb4c82sm45462765ad.134 - gsmtp

[2025-04-20 11:51:50] PHPMailer Debug: CLIENT -> SERVER: RCPT TO:<moudgillkomal6@gmail.com>

[2025-04-20 11:51:50] PHPMailer Debug: SERVER -> CLIENT: 250 2.1.5 OK d9443c01a7336-22c50eb4c82sm45462765ad.134 - gsmtp

[2025-04-20 11:51:50] PHPMailer Debug: CLIENT -> SERVER: DATA

[2025-04-20 11:51:51] PHPMailer Debug: SERVER -> CLIENT: 354 Go ahead d9443c01a7336-22c50eb4c82sm45462765ad.134 - gsmtp

[2025-04-20 11:51:51] PHPMailer Debug: CLIENT -> SERVER: Date: Sun, 20 Apr 2025 11:51:48 +0200

[2025-04-20 11:51:51] PHPMailer Debug: CLIENT -> SERVER: To: moudgillkomal6@gmail.com

[2025-04-20 11:51:51] PHPMailer Debug: CLIENT -> SERVER: From: Water Quality Analysis <moudgillkomal6@gmail.com>

[2025-04-20 11:51:51] PHPMailer Debug: CLIENT -> SERVER: Subject: Password Reset Request

[2025-04-20 11:51:51] PHPMailer Debug: CLIENT -> SERVER: Message-ID: <U734FMQHXsOMHsj2tM2ljgEPpcZYqSWpFkqSUqhf0@localhost>

[2025-04-20 11:51:51] PHPMailer Debug: CLIENT -> SERVER: X-Mailer: PHPMailer 6.9.3 (https://github.com/PHPMailer/PHPMailer)

[2025-04-20 11:51:51] PHPMailer Debug: CLIENT -> SERVER: MIME-Version: 1.0

[2025-04-20 11:51:51] PHPMailer Debug: CLIENT -> SERVER: Content-Type: multipart/alternative;

[2025-04-20 11:51:51] PHPMailer Debug: CLIENT -> SERVER:  boundary="b1=_U734FMQHXsOMHsj2tM2ljgEPpcZYqSWpFkqSUqhf0"

[2025-04-20 11:51:51] PHPMailer Debug: CLIENT -> SERVER: Content-Transfer-Encoding: 8bit

[2025-04-20 11:51:51] PHPMailer Debug: CLIENT -> SERVER: 

[2025-04-20 11:51:51] PHPMailer Debug: CLIENT -> SERVER: --b1=_U734FMQHXsOMHsj2tM2ljgEPpcZYqSWpFkqSUqhf0

[2025-04-20 11:51:51] PHPMailer Debug: CLIENT -> SERVER: Content-Type: text/plain; charset=us-ascii

[2025-04-20 11:51:51] PHPMailer Debug: CLIENT -> SERVER: 

[2025-04-20 11:51:51] PHPMailer Debug: CLIENT -> SERVER: Reset your password using this link: http://localhost/php/Komal/update-password.html?token=4d051a1a47ae4e7851376a680b40d451b651233270de0000dfef3ad50666b6e8

[2025-04-20 11:51:51] PHPMailer Debug: CLIENT -> SERVER: 

[2025-04-20 11:51:51] PHPMailer Debug: CLIENT -> SERVER: --b1=_U734FMQHXsOMHsj2tM2ljgEPpcZYqSWpFkqSUqhf0

[2025-04-20 11:51:51] PHPMailer Debug: CLIENT -> SERVER: Content-Type: text/html; charset=us-ascii

[2025-04-20 11:51:51] PHPMailer Debug: CLIENT -> SERVER: 

[2025-04-20 11:51:51] PHPMailer Debug: CLIENT -> SERVER: 

[2025-04-20 11:51:51] PHPMailer Debug: CLIENT -> SERVER:                 <div style='font-family: Arial, sans-serif; max-width: 600px; margin: 0 auto;'>

[2025-04-20 11:51:51] PHPMailer Debug: CLIENT -> SERVER:                     <h2>Password Reset Request</h2>

[2025-04-20 11:51:51] PHPMailer Debug: CLIENT -> SERVER:                     <p>Click the button below to reset your password:</p>

[2025-04-20 11:51:51] PHPMailer Debug: CLIENT -> SERVER:                     <p style='margin: 25px 0;'>

[2025-04-20 11:51:51] PHPMailer Debug: CLIENT -> SERVER:                         <a href='http://localhost/php/Komal/update-password.html?token=4d051a1a47ae4e7851376a680b40d451b651233270de0000dfef3ad50666b6e8' 

[2025-04-20 11:51:51] PHPMailer Debug: CLIENT -> SERVER:                            style='background-color: #1e4976; 

[2025-04-20 11:51:51] PHPMailer Debug: CLIENT -> SERVER:                                   color: white; 

[2025-04-20 11:51:51] PHPMailer Debug: CLIENT -> SERVER:                                   padding: 12px 25px; 

[2025-04-20 11:51:51] PHPMailer Debug: CLIENT -> SERVER:                                   text-decoration: none; 

[2025-04-20 11:51:51] PHPMailer Debug: CLIENT -> SERVER:                                   border-radius: 5px; 

[2025-04-20 11:51:51] PHPMailer Debug: CLIENT -> SERVER:                                   display: inline-block;'>

[2025-04-20 11:51:51] PHPMailer Debug: CLIENT -> SERVER:                             Reset Password

[2025-04-20 11:51:51] PHPMailer Debug: CLIENT -> SERVER:                         </a>

[2025-04-20 11:51:51] PHPMailer Debug: CLIENT -> SERVER:                     </p>

[2025-04-20 11:51:51] PHPMailer Debug: CLIENT -> SERVER:                     <p>If the button doesn't work, copy and paste this link in your browser:</p>

[2025-04-20 11:51:51] PHPMailer Debug: CLIENT -> SERVER:                     <p>http://localhost/php/Komal/update-password.html?token=4d051a1a47ae4e7851376a680b40d451b651233270de0000dfef3ad50666b6e8</p>

[2025-04-20 11:51:51] PHPMailer Debug: CLIENT -> SERVER:                     <p>This link will expire in 1 hour.</p>

[2025-04-20 11:51:51] PHPMailer Debug: CLIENT -> SERVER:                 </div>

[2025-04-20 11:51:51] PHPMailer Debug: CLIENT -> SERVER:             

[2025-04-20 11:51:51] PHPMailer Debug: CLIENT -> SERVER: 

[2025-04-20 11:51:51] PHPMailer Debug: CLIENT -> SERVER: 

[2025-04-20 11:51:51] PHPMailer Debug: CLIENT -> SERVER: --b1=_U734FMQHXsOMHsj2tM2ljgEPpcZYqSWpFkqSUqhf0--

[2025-04-20 11:51:51] PHPMailer Debug: CLIENT -> SERVER: 

[2025-04-20 11:51:51] PHPMailer Debug: CLIENT -> SERVER: .

[2025-04-20 11:51:52] PHPMailer Debug: SERVER -> CLIENT: 250 2.0.0 OK  1745142713 d9443c01a7336-22c50eb4c82sm45462765ad.134 - gsmtp

[2025-04-20 11:51:52] PHPMailer Debug: CLIENT -> SERVER: QUIT

[2025-04-20 11:51:52] PHPMailer Debug: SERVER -> CLIENT: 221 2.0.0 closing connection d9443c01a7336-22c50eb4c82sm45462765ad.134 - gsmtp

[2025-04-20 11:51:52] PHPMailer Debug: Connection: closed
[2025-04-20 11:51:52] Email sent successfully to: moudgillkomal6@gmail.com
[2025-04-20 16:17:17] Checking email: moudgillkomal6@gmail.com
[2025-04-20 16:17:17] Email found in database: moudgillkomal6@gmail.com
[2025-04-20 16:17:17] PHPMailer Debug: Connection: opening to ssl://smtp.gmail.com:465, timeout=300, options=array()
[2025-04-20 16:17:18] PHPMailer Debug: Connection: opened
[2025-04-20 16:17:18] PHPMailer Debug: SERVER -> CLIENT: 220 smtp.gmail.com ESMTP d9443c01a7336-22c50eceb1dsm48401805ad.186 - gsmtp

[2025-04-20 16:17:18] PHPMailer Debug: CLIENT -> SERVER: EHLO localhost

[2025-04-20 16:17:18] PHPMailer Debug: SERVER -> CLIENT: 250-smtp.gmail.com at your service, [125.16.189.245]
250-SIZE 35882577
250-8BITMIME
250-AUTH LOGIN PLAIN XOAUTH2 PLAIN-CLIENTTOKEN OAUTHBEARER XOAUTH
250-ENHANCEDSTATUSCODES
250-PIPELINING
250-CHUNKING
250 SMTPUTF8

[2025-04-20 16:17:18] PHPMailer Debug: CLIENT -> SERVER: AUTH LOGIN

[2025-04-20 16:17:18] PHPMailer Debug: SERVER -> CLIENT: 334 VXNlcm5hbWU6

[2025-04-20 16:17:18] PHPMailer Debug: CLIENT -> SERVER: [credentials hidden]
[2025-04-20 16:17:19] PHPMailer Debug: SERVER -> CLIENT: 334 UGFzc3dvcmQ6

[2025-04-20 16:17:19] PHPMailer Debug: CLIENT -> SERVER: [credentials hidden]
[2025-04-20 16:17:19] PHPMailer Debug: SERVER -> CLIENT: 235 2.7.0 Accepted

[2025-04-20 16:17:19] PHPMailer Debug: CLIENT -> SERVER: MAIL FROM:<moudgillkomal6@gmail.com>

[2025-04-20 16:17:19] PHPMailer Debug: SERVER -> CLIENT: 250 2.1.0 OK d9443c01a7336-22c50eceb1dsm48401805ad.186 - gsmtp

[2025-04-20 16:17:19] PHPMailer Debug: CLIENT -> SERVER: RCPT TO:<moudgillkomal6@gmail.com>

[2025-04-20 16:17:20] PHPMailer Debug: SERVER -> CLIENT: 250 2.1.5 OK d9443c01a7336-22c50eceb1dsm48401805ad.186 - gsmtp

[2025-04-20 16:17:20] PHPMailer Debug: CLIENT -> SERVER: DATA

[2025-04-20 16:17:20] PHPMailer Debug: SERVER -> CLIENT: 354 Go ahead d9443c01a7336-22c50eceb1dsm48401805ad.186 - gsmtp

[2025-04-20 16:17:20] PHPMailer Debug: CLIENT -> SERVER: Date: Sun, 20 Apr 2025 16:17:17 +0200

[2025-04-20 16:17:20] PHPMailer Debug: CLIENT -> SERVER: To: moudgillkomal6@gmail.com

[2025-04-20 16:17:20] PHPMailer Debug: CLIENT -> SERVER: From: Water Quality Analysis <moudgillkomal6@gmail.com>

[2025-04-20 16:17:20] PHPMailer Debug: CLIENT -> SERVER: Subject: Password Reset Request

[2025-04-20 16:17:20] PHPMailer Debug: CLIENT -> SERVER: Message-ID: <jOVMDsyLhnSakjhJp6sTngPyEamQ9G0IIJwCVMTo@localhost>

[2025-04-20 16:17:20] PHPMailer Debug: CLIENT -> SERVER: X-Mailer: PHPMailer 6.9.3 (https://github.com/PHPMailer/PHPMailer)

[2025-04-20 16:17:20] PHPMailer Debug: CLIENT -> SERVER: MIME-Version: 1.0

[2025-04-20 16:17:20] PHPMailer Debug: CLIENT -> SERVER: Content-Type: multipart/alternative;

[2025-04-20 16:17:20] PHPMailer Debug: CLIENT -> SERVER:  boundary="b1=_jOVMDsyLhnSakjhJp6sTngPyEamQ9G0IIJwCVMTo"

[2025-04-20 16:17:20] PHPMailer Debug: CLIENT -> SERVER: Content-Transfer-Encoding: 8bit

[2025-04-20 16:17:20] PHPMailer Debug: CLIENT -> SERVER: 

[2025-04-20 16:17:20] PHPMailer Debug: CLIENT -> SERVER: --b1=_jOVMDsyLhnSakjhJp6sTngPyEamQ9G0IIJwCVMTo

[2025-04-20 16:17:20] PHPMailer Debug: CLIENT -> SERVER: Content-Type: text/plain; charset=us-ascii

[2025-04-20 16:17:20] PHPMailer Debug: CLIENT -> SERVER: 

[2025-04-20 16:17:20] PHPMailer Debug: CLIENT -> SERVER: Reset your password using this link: http://localhost/php/Komal/update-password.html?token=3954c21605b32e967f7f04e09c309594b02a213927aec461812fc2b66d39698b

[2025-04-20 16:17:20] PHPMailer Debug: CLIENT -> SERVER: 

[2025-04-20 16:17:20] PHPMailer Debug: CLIENT -> SERVER: --b1=_jOVMDsyLhnSakjhJp6sTngPyEamQ9G0IIJwCVMTo

[2025-04-20 16:17:20] PHPMailer Debug: CLIENT -> SERVER: Content-Type: text/html; charset=us-ascii

[2025-04-20 16:17:20] PHPMailer Debug: CLIENT -> SERVER: 

[2025-04-20 16:17:20] PHPMailer Debug: CLIENT -> SERVER: 

[2025-04-20 16:17:20] PHPMailer Debug: CLIENT -> SERVER:                 <div style='font-family: Arial, sans-serif; max-width: 600px; margin: 0 auto;'>

[2025-04-20 16:17:20] PHPMailer Debug: CLIENT -> SERVER:                     <h2>Password Reset Request</h2>

[2025-04-20 16:17:20] PHPMailer Debug: CLIENT -> SERVER:                     <p>Click the button below to reset your password:</p>

[2025-04-20 16:17:20] PHPMailer Debug: CLIENT -> SERVER:                     <p style='margin: 25px 0;'>

[2025-04-20 16:17:20] PHPMailer Debug: CLIENT -> SERVER:                         <a href='http://localhost/php/Komal/update-password.html?token=3954c21605b32e967f7f04e09c309594b02a213927aec461812fc2b66d39698b' 

[2025-04-20 16:17:20] PHPMailer Debug: CLIENT -> SERVER:                            style='background-color: #1e4976; 

[2025-04-20 16:17:20] PHPMailer Debug: CLIENT -> SERVER:                                   color: white; 

[2025-04-20 16:17:20] PHPMailer Debug: CLIENT -> SERVER:                                   padding: 12px 25px; 

[2025-04-20 16:17:20] PHPMailer Debug: CLIENT -> SERVER:                                   text-decoration: none; 

[2025-04-20 16:17:20] PHPMailer Debug: CLIENT -> SERVER:                                   border-radius: 5px; 

[2025-04-20 16:17:20] PHPMailer Debug: CLIENT -> SERVER:                                   display: inline-block;'>

[2025-04-20 16:17:20] PHPMailer Debug: CLIENT -> SERVER:                             Reset Password

[2025-04-20 16:17:20] PHPMailer Debug: CLIENT -> SERVER:                         </a>

[2025-04-20 16:17:20] PHPMailer Debug: CLIENT -> SERVER:                     </p>

[2025-04-20 16:17:20] PHPMailer Debug: CLIENT -> SERVER:                     <p>If the button doesn't work, copy and paste this link in your browser:</p>

[2025-04-20 16:17:20] PHPMailer Debug: CLIENT -> SERVER:                     <p>http://localhost/php/Komal/update-password.html?token=3954c21605b32e967f7f04e09c309594b02a213927aec461812fc2b66d39698b</p>

[2025-04-20 16:17:20] PHPMailer Debug: CLIENT -> SERVER:                     <p>This link will expire in 1 hour.</p>

[2025-04-20 16:17:20] PHPMailer Debug: CLIENT -> SERVER:                 </div>

[2025-04-20 16:17:20] PHPMailer Debug: CLIENT -> SERVER:             

[2025-04-20 16:17:20] PHPMailer Debug: CLIENT -> SERVER: 

[2025-04-20 16:17:20] PHPMailer Debug: CLIENT -> SERVER: 

[2025-04-20 16:17:20] PHPMailer Debug: CLIENT -> SERVER: --b1=_jOVMDsyLhnSakjhJp6sTngPyEamQ9G0IIJwCVMTo--

[2025-04-20 16:17:20] PHPMailer Debug: CLIENT -> SERVER: 

[2025-04-20 16:17:20] PHPMailer Debug: CLIENT -> SERVER: .

[2025-04-20 16:17:21] PHPMailer Debug: SERVER -> CLIENT: 250 2.0.0 OK  1745158642 d9443c01a7336-22c50eceb1dsm48401805ad.186 - gsmtp

[2025-04-20 16:17:21] PHPMailer Debug: CLIENT -> SERVER: QUIT

[2025-04-20 16:17:21] PHPMailer Debug: SERVER -> CLIENT: 221 2.0.0 closing connection d9443c01a7336-22c50eceb1dsm48401805ad.186 - gsmtp

[2025-04-20 16:17:21] PHPMailer Debug: Connection: closed
[2025-04-20 16:17:21] Email sent successfully to: moudgillkomal6@gmail.com
